<?xml version="1.0" encoding="UTF-8"?>
<!-- Generated by org.testng.reporters.JUnitReportReporter -->
<testsuite hostname="SakuraAyameKinomoto-LT3476" failures="0" tests="1" name="test.Test_HomePage" time="0.000" errors="0" timestamp="2020-12-25T09:39:12 ICT" skipped="1">
  <testcase classname="test.Test_HomePage" name="test_Introduction_Page_Appear_Correct" time="0.000">
    <skipped/>
  </testcase> <!-- test_Introduction_Page_Appear_Correct -->
  <system-out/>
</testsuite> <!-- test.Test_HomePage -->
