<?xml version="1.0" encoding="UTF-8"?>
<!-- Generated by org.testng.reporters.JUnitReportReporter -->
<testsuite hostname="SakuraAyameKinomoto-LT3476" failures="0" tests="2" name="test.Test_FlickrLogin" time="0.000" errors="0" timestamp="2020-12-25T11:06:06 ICT" skipped="2">
  <testcase classname="test.Test_FlickrLogin" name="CreateLoginPageObject" time="0.000">
    <skipped/>
  </testcase> <!-- CreateLoginPageObject -->
  <system-out/>
  <testcase classname="test.Test_FlickrLogin" name="VerifyLoginPageObject" time="0.000">
    <skipped/>
  </testcase> <!-- VerifyLoginPageObject -->
  <system-out/>
</testsuite> <!-- test.Test_FlickrLogin -->
